[20:20:15] [Server thread/INFO]: Starting minecraft server version 1.8.1
[20:20:15] [Server thread/INFO]: Loading properties
[20:20:16] [Server thread/INFO]: Default game type: SURVIVAL
[20:20:16] [Server thread/INFO]: Generating keypair
[20:20:16] [Server thread/INFO]: Starting Minecraft server on *:25565
[20:20:17] [Server thread/INFO]: Using default channel type
[20:20:18] [Server thread/INFO]: Preparing level "world"
[20:20:19] [Server thread/INFO]: Preparing start region for level 0
[20:20:20] [Server thread/INFO]: Preparing spawn area: 1%
[20:20:21] [Server thread/INFO]: Preparing spawn area: 31%
[20:20:21] [Server thread/INFO]: Done (3.268s)! For help, type "help" or "?"
[20:23:32] [User Authenticator #1/INFO]: UUID of player wolfymcknight is 52226ec5-0ec0-450b-a64d-5a22c9aa5d74
[20:23:32] [Server thread/INFO]: wolfymcknight[/127.0.0.1:56230] logged in with entity id 127 at (-354.85839553803817, 74.0, 214.82886339809335)
[20:23:32] [Server thread/INFO]: wolfymcknight joined the game
[20:23:38] [Server thread/WARN]: Can't keep up! Did the system time change, or is the server overloaded? Running 5544ms behind, skipping 110 tick(s)
[20:56:45] [Server thread/INFO]: [wolfymcknight: Given [Block of Iron] * 15 to wolfymcknight]
[20:58:40] [Server thread/INFO]: [@: Given [OP Potion] * 1 to wolfymcknight]
[20:59:32] [Server thread/INFO]: [wolfymcknight: Given [Block of Iron] * 64 to wolfymcknight]
[20:59:35] [Server thread/INFO]: [wolfymcknight: Given [Block of Iron] * 64 to wolfymcknight]
[20:59:49] [Server thread/INFO]: [wolfymcknight: Given [Block of Iron] * 64 to wolfymcknight]
[20:59:50] [Server thread/INFO]: [wolfymcknight: Given [Block of Iron] * 64 to wolfymcknight]
[20:59:51] [Server thread/INFO]: [wolfymcknight: Given [Block of Iron] * 64 to wolfymcknight]
[20:59:52] [Server thread/INFO]: [wolfymcknight: Given [Block of Iron] * 64 to wolfymcknight]
[20:59:53] [Server thread/INFO]: [wolfymcknight: Given [Block of Iron] * 64 to wolfymcknight]
[21:00:00] [Server thread/INFO]: [wolfymcknight: Given [Pumpkin] * 1 to wolfymcknight]
[21:00:14] [Server thread/INFO]: [wolfymcknight: Given [Pumpkin] * 64 to wolfymcknight]
[21:00:16] [Server thread/INFO]: [wolfymcknight: Given [Pumpkin] * 64 to wolfymcknight]
[21:05:03] [Server thread/INFO]: wolfymcknight lost connection: TextComponent{text='Disconnected', siblings=[], style=Style{hasParent=false, color=null, bold=null, italic=null, underlined=null, obfuscated=null, clickEvent=null, hoverEvent=null, insertion=null}}
[21:05:03] [Server thread/INFO]: wolfymcknight left the game
[21:05:11] [Server thread/INFO]: Stopping the server
[21:05:11] [Server thread/INFO]: Stopping server
[21:05:11] [Server thread/INFO]: Saving players
[21:05:11] [Server thread/INFO]: Saving worlds
[21:05:11] [Server thread/INFO]: Saving chunks for level 'world'/Overworld
[21:05:11] [Server thread/INFO]: Saving chunks for level 'world'/Nether
[21:05:11] [Server thread/INFO]: Saving chunks for level 'world'/The End
[21:05:11] [Server Shutdown Thread/INFO]: Stopping server
[21:05:11] [Server Shutdown Thread/INFO]: Saving players
[21:05:11] [Server Shutdown Thread/INFO]: Saving worlds
